# JRE version: Java(TM) SE Runtime Environment (8.0_172-b11) (build 1.8.0_172-b11)
# Java VM: Java HotSpot(TM) 64-Bit Server VM (25.172-b11 mixed mode windows-amd64 compressed oops)
Heap:
 PSYoungGen      total 118272K, used 40788K [0x00000000eab00000, 0x00000000f2b80000, 0x0000000100000000)
  eden space 106496K, 33% used [0x00000000eab00000,0x00000000ecd556f0,0x00000000f1300000)
  from space 11776K, 47% used [0x00000000f1300000,0x00000000f187fba8,0x00000000f1e80000)
  to   space 12288K, 0% used [0x00000000f1e80000,0x00000000f1e80000,0x00000000f2a80000)
 ParOldGen       total 87552K, used 18250K [0x00000000c0000000, 0x00000000c5580000, 0x00000000eab00000)
  object space 87552K, 20% used [0x00000000c0000000,0x00000000c11d2b40,0x00000000c5580000)
 Metaspace       used 39266K, capacity 40026K, committed 40280K, reserved 1083392K
  class space    used 5523K, capacity 5755K, committed 5760K, reserved 1048576K
GC Heap History (10 events):
Event: 6.255 GC heap before
{Heap before GC invocations=9 (full 1):
 PSYoungGen      total 65024K, used 60848K [0x00000000eab00000, 0x00000000f0b80000, 0x0000000100000000)
  eden space 55296K, 100% used [0x00000000eab00000,0x00000000ee100000,0x00000000ee100000)
  from space 9728K, 57% used [0x00000000ee100000,0x00000000ee66c098,0x00000000eea80000)
  to   space 9728K, 0% used [0x00000000f0200000,0x00000000f0200000,0x00000000f0b80000)
 ParOldGen       total 53760K, used 7237K [0x00000000c0000000, 0x00000000c3480000, 0x00000000eab00000)
  object space 53760K, 13% used [0x00000000c0000000,0x00000000c07116e8,0x00000000c3480000)
 Metaspace       used 29833K, capacity 30336K, committed 30592K, reserved 1075200K
  class space    used 4287K, capacity 4430K, committed 4480K, reserved 1048576K
Event: 6.273 GC heap after
Heap after GC invocations=9 (full 1):
 PSYoungGen      total 89088K, used 6839K [0x00000000eab00000, 0x00000000f1480000, 0x0000000100000000)
  eden space 79360K, 0% used [0x00000000eab00000,0x00000000eab00000,0x00000000ef880000)
  from space 9728K, 70% used [0x00000000f0200000,0x00000000f08adc40,0x00000000f0b80000)
  to   space 9728K, 0% used [0x00000000ef880000,0x00000000ef880000,0x00000000f0200000)
 ParOldGen       total 53760K, used 7245K [0x00000000c0000000, 0x00000000c3480000, 0x00000000eab00000)
  object space 53760K, 13% used [0x00000000c0000000,0x00000000c07136e8,0x00000000c3480000)
 Metaspace       used 29833K, capacity 30336K, committed 30592K, reserved 1075200K
  class space    used 4287K, capacity 4430K, committed 4480K, reserved 1048576K
}
Event: 8.671 GC heap before
{Heap before GC invocations=10 (full 1):
 PSYoungGen      total 89088K, used 86199K [0x00000000eab00000, 0x00000000f1480000, 0x0000000100000000)
  eden space 79360K, 100% used [0x00000000eab00000,0x00000000ef880000,0x00000000ef880000)
  from space 9728K, 70% used [0x00000000f0200000,0x00000000f08adc40,0x00000000f0b80000)
  to   space 9728K, 0% used [0x00000000ef880000,0x00000000ef880000,0x00000000f0200000)
 ParOldGen       total 53760K, used 7245K [0x00000000c0000000, 0x00000000c3480000, 0x00000000eab00000)
  object space 53760K, 13% used [0x00000000c0000000,0x00000000c07136e8,0x00000000c3480000)
 Metaspace       used 34453K, capacity 35064K, committed 35416K, reserved 1079296K
  class space    used 4935K, capacity 5134K, committed 5248K, reserved 1048576K
Event: 8.689 GC heap after
Heap after GC invocations=10 (full 1):
 PSYoungGen      total 89088K, used 9712K [0x00000000eab00000, 0x00000000f2a80000, 0x0000000100000000)
  eden space 79360K, 0% used [0x00000000eab00000,0x00000000eab00000,0x00000000ef880000)
  from space 9728K, 99% used [0x00000000ef880000,0x00000000f01fc010,0x00000000f0200000)
  to   space 12288K, 0% used [0x00000000f1e80000,0x00000000f1e80000,0x00000000f2a80000)
 ParOldGen       total 53760K, used 11184K [0x00000000c0000000, 0x00000000c3480000, 0x00000000eab00000)
  object space 53760K, 20% used [0x00000000c0000000,0x00000000c0aec208,0x00000000c3480000)
 Metaspace       used 34453K, capacity 35064K, committed 35416K, reserved 1079296K
  class space    used 4935K, capacity 5134K, committed 5248K, reserved 1048576K
}
Event: 9.705 GC heap before
{Heap before GC invocations=11 (full 1):
 PSYoungGen      total 89088K, used 59583K [0x00000000eab00000, 0x00000000f2a80000, 0x0000000100000000)
  eden space 79360K, 62% used [0x00000000eab00000,0x00000000edbb3d88,0x00000000ef880000)
  from space 9728K, 99% used [0x00000000ef880000,0x00000000f01fc010,0x00000000f0200000)
  to   space 12288K, 0% used [0x00000000f1e80000,0x00000000f1e80000,0x00000000f2a80000)
 ParOldGen       total 53760K, used 11184K [0x00000000c0000000, 0x00000000c3480000, 0x00000000eab00000)
  object space 53760K, 20% used [0x00000000c0000000,0x00000000c0aec208,0x00000000c3480000)
 Metaspace       used 34551K, capacity 35198K, committed 35416K, reserved 1079296K
  class space    used 4938K, capacity 5135K, committed 5248K, reserved 1048576K
Event: 9.730 GC heap after
Heap after GC invocations=11 (full 1):
 PSYoungGen      total 118784K, used 6384K [0x00000000eab00000, 0x00000000f2b80000, 0x0000000100000000)
  eden space 106496K, 0% used [0x00000000eab00000,0x00000000eab00000,0x00000000f1300000)
  from space 12288K, 51% used [0x00000000f1e80000,0x00000000f24bc010,0x00000000f2a80000)
  to   space 11776K, 0% used [0x00000000f1300000,0x00000000f1300000,0x00000000f1e80000)
 ParOldGen       total 53760K, used 15596K [0x00000000c0000000, 0x00000000c3480000, 0x00000000eab00000)
  object space 53760K, 29% used [0x00000000c0000000,0x00000000c0f3b3d8,0x00000000c3480000)
 Metaspace       used 34551K, capacity 35198K, committed 35416K, reserved 1079296K
  class space    used 4938K, capacity 5135K, committed 5248K, reserved 1048576K
}
Event: 9.730 GC heap before
{Heap before GC invocations=12 (full 2):
 PSYoungGen      total 118784K, used 6384K [0x00000000eab00000, 0x00000000f2b80000, 0x0000000100000000)
  eden space 106496K, 0% used [0x00000000eab00000,0x00000000eab00000,0x00000000f1300000)
  from space 12288K, 51% used [0x00000000f1e80000,0x00000000f24bc010,0x00000000f2a80000)
  to   space 11776K, 0% used [0x00000000f1300000,0x00000000f1300000,0x00000000f1e80000)
 ParOldGen       total 53760K, used 15596K [0x00000000c0000000, 0x00000000c3480000, 0x00000000eab00000)
  object space 53760K, 29% used [0x00000000c0000000,0x00000000c0f3b3d8,0x00000000c3480000)
 Metaspace       used 34551K, capacity 35198K, committed 35416K, reserved 1079296K
  class space    used 4938K, capacity 5135K, committed 5248K, reserved 1048576K
Event: 9.866 GC heap after
Heap after GC invocations=12 (full 2):
 PSYoungGen      total 118784K, used 0K [0x00000000eab00000, 0x00000000f2b80000, 0x0000000100000000)
  eden space 106496K, 0% used [0x00000000eab00000,0x00000000eab00000,0x00000000f1300000)
  from space 12288K, 0% used [0x00000000f1e80000,0x00000000f1e80000,0x00000000f2a80000)
  to   space 11776K, 0% used [0x00000000f1300000,0x00000000f1300000,0x00000000f1e80000)
 ParOldGen       total 87552K, used 18242K [0x00000000c0000000, 0x00000000c5580000, 0x00000000eab00000)
  object space 87552K, 20% used [0x00000000c0000000,0x00000000c11d0b40,0x00000000c5580000)
 Metaspace       used 34551K, capacity 35198K, committed 35416K, reserved 1079296K
  class space    used 4938K, capacity 5135K, committed 5248K, reserved 1048576K
}
Event: 12.244 GC heap before
{Heap before GC invocations=13 (full 2):
 PSYoungGen      total 118784K, used 106496K [0x00000000eab00000, 0x00000000f2b80000, 0x0000000100000000)
  eden space 106496K, 100% used [0x00000000eab00000,0x00000000f1300000,0x00000000f1300000)
  from space 12288K, 0% used [0x00000000f1e80000,0x00000000f1e80000,0x00000000f2a80000)
  to   space 11776K, 0% used [0x00000000f1300000,0x00000000f1300000,0x00000000f1e80000)
 ParOldGen       total 87552K, used 18242K [0x00000000c0000000, 0x00000000c5580000, 0x00000000eab00000)
  object space 87552K, 20% used [0x00000000c0000000,0x00000000c11d0b40,0x00000000c5580000)
 Metaspace       used 38601K, capacity 39322K, committed 39512K, reserved 1083392K
  class space    used 5472K, capacity 5691K, committed 5760K, reserved 1048576K
Event: 12.255 GC heap after
Heap after GC invocations=13 (full 2):
 PSYoungGen      total 118272K, used 5630K [0x00000000eab00000, 0x00000000f2b80000, 0x0000000100000000)
  eden space 106496K, 0% used [0x00000000eab00000,0x00000000eab00000,0x00000000f1300000)
  from space 11776K, 47% used [0x00000000f1300000,0x00000000f187fba8,0x00000000f1e80000)
  to   space 12288K, 0% used [0x00000000f1e80000,0x00000000f1e80000,0x00000000f2a80000)
 ParOldGen       total 87552K, used 18250K [0x00000000c0000000, 0x00000000c5580000, 0x00000000eab00000)
  object space 87552K, 20% used [0x00000000c0000000,0x00000000c11d2b40,0x00000000c5580000)
 Metaspace       used 38601K, capacity 39322K, committed 39512K, reserved 1083392K
  class space    used 5472K, capacity 5691K, committed 5760K, reserved 1048576K
}

